0 silly argv {
0 silly argv   _: [ 'version' ],
0 silly argv   'conventional-commits': true,
0 silly argv   conventionalCommits: true,
0 silly argv   lernaVersion: '4.0.0',
0 silly argv   '$0': '/home/diego/.yarn/bin/lerna'
0 silly argv }
1 notice cli v4.0.0
2 verbose rootPath /home/diego/Projects/recylink/recylink-commons
3 info current version 1.3.9
4 silly isAnythingCommitted
5 verbose isAnythingCommitted 1
6 silly getCurrentBranch
7 verbose currentBranch main
8 silly remoteBranchExists
9 silly isBehindUpstream
10 silly isBehindUpstream main is behind origin/main by 0 commit(s) and ahead by 0
11 silly hasTags
12 verbose hasTags true
13 silly git-describe.sync "v1.3.10-1-g0004d20" => {"lastTagName":"v1.3.10","lastVersion":"v1.3.10","refCount":"1","sha":"0004d20","isDirty":false}
14 info Looking for changed packages since v1.3.10
15 silly checking diff packages/react-components
16 silly no diff found in @recylink/react-components
17 silly checking diff packages/react-fields
18 silly found diff in packages/react-fields/.storybook/main.js
18 silly found diff in packages/react-fields/.storybook/preview.js
18 silly found diff in packages/react-fields/package.json
18 silly found diff in packages/react-fields/src/Text/Text.stories.tsx
18 silly found diff in packages/react-fields/src/Text/Text.tsx
18 silly found diff in packages/react-fields/src/Text/index.tsx
18 silly found diff in packages/react-fields/src/styles.css
18 silly found diff in packages/react-fields/yarn-error.log
18 silly found diff in packages/react-fields/yarn.lock
19 verbose filtered diff [
19 verbose filtered diff   'packages/react-fields/.storybook/main.js',
19 verbose filtered diff   'packages/react-fields/.storybook/preview.js',
19 verbose filtered diff   'packages/react-fields/package.json',
19 verbose filtered diff   'packages/react-fields/src/Text/Text.stories.tsx',
19 verbose filtered diff   'packages/react-fields/src/Text/Text.tsx',
19 verbose filtered diff   'packages/react-fields/src/Text/index.tsx',
19 verbose filtered diff   'packages/react-fields/src/styles.css',
19 verbose filtered diff   'packages/react-fields/yarn-error.log',
19 verbose filtered diff   'packages/react-fields/yarn.lock'
19 verbose filtered diff ]
20 verbose updated @recylink/react-fields
21 verbose git-describe undefined => "v1.3.10-1-g0004d20"
22 silly git-describe parsed => {"lastTagName":"v1.3.10","lastVersion":"v1.3.10","refCount":"1","sha":"0004d20","isDirty":false}
23 silly fixed for @recylink/react-fields at /home/diego/Projects/recylink/recylink-commons/packages/react-fields
24 verbose getChangelogConfig using preset "conventional-changelog-angular"
25 silly npa Result {
25 silly npa   type: 'tag',
25 silly npa   registry: true,
25 silly npa   where: undefined,
25 silly npa   raw: 'conventional-changelog-angular',
25 silly npa   name: 'conventional-changelog-angular',
25 silly npa   escapedName: 'conventional-changelog-angular',
25 silly npa   scope: undefined,
25 silly npa   rawSpec: '',
25 silly npa   saveSpec: null,
25 silly npa   fetchSpec: 'latest',
25 silly npa   gitRange: undefined,
25 silly npa   gitCommittish: undefined,
25 silly npa   hosted: undefined
25 silly npa }
26 verbose getChangelogConfig Attempting to resolve preset "conventional-changelog-angular"
27 info getChangelogConfig Successfully resolved preset "conventional-changelog-angular"
28 verbose fixed increment 1.3.9 by patch
29 info execute Skipping releases
30 silly lifecycle No script for "preversion" in "recylink-commons", continuing
31 silly lifecycle No script for "preversion" in "@recylink/react-fields", continuing
32 silly lifecycle No script for "version" in "@recylink/react-fields", continuing
33 silly fixed for @recylink/react-fields at /home/diego/Projects/recylink/recylink-commons/packages/react-fields
34 silly fixed writing new entry: "\n\n**Note:** Version bump only for package @recylink/react-fields\n\n\n\n"
35 verbose fixed wrote /home/diego/Projects/recylink/recylink-commons/packages/react-fields/CHANGELOG.md
36 silly root for recylink-commons at /home/diego/Projects/recylink/recylink-commons
37 silly root writing new entry: "\n\n**Note:** Version bump only for package recylink-commons\n\n\n\n"
38 verbose root wrote /home/diego/Projects/recylink/recylink-commons/CHANGELOG.md
39 silly lifecycle No script for "version" in "recylink-commons", continuing
40 silly gitAdd [
40 silly gitAdd   'packages/react-fields/package.json',
40 silly gitAdd   'packages/react-fields/package-lock.json',
40 silly gitAdd   'packages/react-fields/CHANGELOG.md',
40 silly gitAdd   'CHANGELOG.md',
40 silly gitAdd   'lerna.json'
40 silly gitAdd ]
41 silly gitCommit v1.3.10
42 verbose git [ 'commit', '-m', 'v1.3.10' ]
43 silly gitTag v1.3.10
44 verbose git [ 'tag', 'v1.3.10', '-m', 'v1.3.10' ]
45 error Error: Command failed with exit code 128: git tag v1.3.10 -m v1.3.10
45 error fatal: tag 'v1.3.10' already exists
45 error     at makeError (/home/diego/Projects/recylink/recylink-commons/node_modules/execa/lib/error.js:60:11)
45 error     at handlePromise (/home/diego/Projects/recylink/recylink-commons/node_modules/execa/index.js:118:26)
45 error     at processTicksAndRejections (node:internal/process/task_queues:96:5)
45 error     at async Promise.all (index 0)
